{"level":"warn","message":{"mensaje":"Ruta no implementada"}}

{"level":"warn","message":{"mensaje":"Ruta no implementada"}}
{"level":"error","message":{"error":{}}}
{"level":"error","message":{"error":{}}}
{"level":"error","message":"Intentaste entrar a \"save\" pero algo salío mal"}
{"level":"error","message":"Intentaste entrar a la funcion save pero algo salío mal"}
{"level":"error","message":"ReferenceError: dwadhsadhaw is not defined"}
{"level":"error","message":"ReferenceError: dasdwads is not defined"}
{"level":"warn","message":{"mensaje":"Ruta no implementada"}}
{"level":"warn","message":{"mensaje":"Ruta no implementada"}}
{"level":"warn","message":{"mensaje":"Ruta no implementada"}}
{"level":"error","message":"SyntaxError: Unexpected token \n in JSON at position 297"}
{"level":"warn","message":{"mensaje":"Ruta no implementada"}}
{"level":"warn","message":{"mensaje":"Ruta no implementada"}}
{"level":"warn","message":{"mensaje":"Ruta no implementada"}}
{"level":"warn","message":{"mensaje":"Ruta no implementada"}}
{"level":"warn","message":{"mensaje":"Ruta no implementada"}}
{"level":"warn","message":{"mensaje":"Ruta no implementada"}}
{"level":"warn","message":{"mensaje":"Ruta no implementada"}}
{"level":"warn","message":{"mensaje":"Ruta no implementada"}}
{"level":"warn","message":{"mensaje":"Ruta no implementada"}}
{"level":"warn","message":{"mensaje":"Ruta no implementada"}}
{"level":"warn","message":{"mensaje":"Ruta no implementada"}}
{"level":"warn","message":{"mensaje":"Ruta no implementada"}}
{"level":"warn","message":{"mensaje":"Ruta no implementada"}}
{"level":"warn","message":{"mensaje":"Ruta no implementada"}}
